/Users/kikuchimizuki/Desktop/LINEã¦ã‚™ã‚«ãƒ¬ãƒ³ã‚¿ã‚™ãƒ¼/.venv/lib/python3.9/site-packages/urllib3/__init__.py:34: NotOpenSSLWarning: urllib3 v2.0 only supports OpenSSL 1.1.1+, currently the 'ssl' module is compiled with 'LibreSSL 2.8.3'. See: https://github.com/urllib3/urllib3/issues/3020
  warnings.warn(
INFO:app:[Redisæ¥ç¶šãƒ†ã‚¹ãƒˆ] Redisã¸ã®æ¥ç¶šãŒæˆåŠŸã—ã¾ã—ãŸ: redis://localhost:6379/0
DEBUG:asyncio:Using selector: KqueueSelector
INFO:app:Logging configured with level: INFO
2025-06-07 15:20:03,135 - app - INFO - Flask app.logger configured.
INFO:app:Flask app.logger configured.
2025-06-07 15:20:03,135 - app - INFO - Redisã¸ã®æ¥ç¶šãŒæˆåŠŸã—ã¾ã—ãŸ
INFO:app:Redisã¸ã®æ¥ç¶šãŒæˆåŠŸã—ã¾ã—ãŸ
2025-06-07 15:20:03,135 - app - INFO - ã‚»ãƒƒã‚·ãƒ§ãƒ³ã®åˆæœŸåŒ–ãŒå®Œäº†ã—ã¾ã—ãŸ
INFO:app:ã‚»ãƒƒã‚·ãƒ§ãƒ³ã®åˆæœŸåŒ–ãŒå®Œäº†ã—ã¾ã—ãŸ
2025-06-07 15:20:03,135 - app - INFO - client_secret.jsonã®å­˜åœ¨ã‚’ç¢ºèªã—ã¾ã—ãŸã€‚
INFO:app:client_secret.jsonã®å­˜åœ¨ã‚’ç¢ºèªã—ã¾ã—ãŸã€‚
2025-06-07 15:20:03,135 - app - INFO - Application setup completed successfully
INFO:app:Application setup completed successfully
2025-06-07 15:20:03,135 - app - INFO - Starting server on port 3001
INFO:app:Starting server on port 3001
 * Serving Flask app 'app'
 * Debug mode: off
INFO:werkzeug:[31m[1mWARNING: This is a development server. Do not use it in a production deployment. Use a production WSGI server instead.[0m
 * Running on all addresses (0.0.0.0)
 * Running on http://127.0.0.1:3001
 * Running on http://192.168.0.207:3001
INFO:werkzeug:[33mPress CTRL+C to quit[0m
